<?xml version="1.0" encoding="UTF-8"?>
<!-- Generated by org.testng.reporters.JUnitReportReporter -->
<testsuite hostname="LAPTOP-BHKF9L3F" failures="0" tests="3" name="com.dataprovider.DataproviderwithExcel" time="0.008" errors="0" timestamp="2024-03-06T13:36:05 IST" skipped="0">
  <testcase classname="com.dataprovider.DataproviderwithExcel" name="method1" time="0.001"/>
  <testcase classname="com.dataprovider.DataproviderwithExcel" name="method1" time="0.005"/>
  <testcase classname="com.dataprovider.DataproviderwithExcel" name="method1" time="0.002"/>
</testsuite> <!-- com.dataprovider.DataproviderwithExcel -->
