<?xml version="1.0" encoding="UTF-8"?>
<!-- Generated by org.testng.reporters.JUnitReportReporter -->
<testsuite hostname="LAPTOP-BHKF9L3F" failures="0" tests="2" name="com.dataprovider.Dataprodemo1" time="0.006" errors="0" timestamp="2024-03-06T13:14:40 IST" skipped="0">
  <testcase classname="com.dataprovider.Dataprodemo1" name="m1" time="0.005"/>
  <testcase classname="com.dataprovider.Dataprodemo1" name="m1" time="0.001"/>
</testsuite> <!-- com.dataprovider.Dataprodemo1 -->
