<?xml version="1.0" encoding="UTF-8"?>
<!-- Generated by org.testng.reporters.JUnitReportReporter -->
<testsuite hostname="LAPTOP-BHKF9L3F" failures="0" tests="1" name="com.paralleltesting.TestCalss4" time="0.001" errors="0" timestamp="2024-03-06T14:58:23 IST" skipped="0">
  <testcase classname="com.paralleltesting.TestCalss4" name="test11" time="0.001"/>
</testsuite> <!-- com.paralleltesting.TestCalss4 -->
