<?xml version="1.0" encoding="UTF-8"?>
<!-- Generated by org.testng.reporters.JUnitReportReporter -->
<testsuite hostname="LAPTOP-BHKF9L3F" failures="0" tests="1" name="com.parameters.Parametersample1" time="2.313" errors="0" timestamp="2024-03-06T16:10:40 IST" skipped="0">
  <testcase classname="com.parameters.Parametersample1" name="m1" time="2.313"/>
</testsuite> <!-- com.parameters.Parametersample1 -->
