<?xml version="1.0" encoding="UTF-8"?>
<!-- Generated by org.testng.reporters.JUnitReportReporter -->
<testsuite hostname="LAPTOP-BHKF9L3F" failures="0" tests="3" name="com.dataprovider.DataproviderclasstestNg" time="0.009" errors="0" timestamp="2024-03-06T13:39:36 IST" skipped="0">
  <testcase classname="com.dataprovider.DataproviderclasstestNg" name="accessDataclass" time="0.001"/>
  <testcase classname="com.dataprovider.DataproviderclasstestNg" name="accessDataclass" time="0.007"/>
  <testcase classname="com.dataprovider.DataproviderclasstestNg" name="accessDataclass" time="0.001"/>
</testsuite> <!-- com.dataprovider.DataproviderclasstestNg -->
