<?xml version="1.0" encoding="UTF-8"?>
<!-- Generated by org.testng.reporters.JUnitReportReporter -->
<testsuite hostname="LAPTOP-BHKF9L3F" failures="0" tests="1" name="com.basicannotations.NewTest" time="0.008" errors="0" timestamp="2024-03-06T11:30:19 IST" skipped="0">
  <testcase classname="com.basicannotations.NewTest" name="f" time="0.008"/>
</testsuite> <!-- com.basicannotations.NewTest -->
