<?xml version="1.0" encoding="UTF-8"?>
<!-- Generated by org.testng.reporters.JUnitReportReporter -->
<testsuite hostname="LAPTOP-BHKF9L3F" failures="0" tests="3" name="com.paralleltesting.TestCalss1" time="0.012" errors="0" timestamp="2024-03-06T14:58:23 IST" skipped="0">
  <testcase classname="com.paralleltesting.TestCalss1" name="test1" time="0.009"/>
  <testcase classname="com.paralleltesting.TestCalss1" name="test2" time="0.002"/>
  <testcase classname="com.paralleltesting.TestCalss1" name="test3" time="0.001"/>
</testsuite> <!-- com.paralleltesting.TestCalss1 -->
