<?xml version="1.0" encoding="UTF-8"?>
<!-- Generated by org.testng.reporters.JUnitReportReporter -->
<testsuite hostname="LAPTOP-BHKF9L3F" failures="0" tests="4" name="com.paralleltesting.TestCalss2" time="0.015" errors="0" timestamp="2024-03-06T14:58:23 IST" skipped="0">
  <testcase classname="com.paralleltesting.TestCalss2" name="test5" time="0.003"/>
  <testcase classname="com.paralleltesting.TestCalss2" name="test6" time="0.002"/>
  <testcase classname="com.paralleltesting.TestCalss2" name="test7" time="0.001"/>
  <testcase classname="com.paralleltesting.TestCalss2" name="test4" time="0.009"/>
</testsuite> <!-- com.paralleltesting.TestCalss2 -->
