<?xml version="1.0" encoding="UTF-8"?>
<!-- Generated by org.testng.reporters.JUnitReportReporter -->
<testsuite hostname="LAPTOP-BHKF9L3F" failures="0" tests="3" name="com.groups.demo.Groups" time="0.012" errors="0" timestamp="2024-03-06T14:40:53 IST" skipped="0">
  <testcase classname="com.groups.demo.Groups" name="test2" time="0.001"/>
  <testcase classname="com.groups.demo.Groups" name="test3" time="0.002"/>
  <testcase classname="com.groups.demo.Groups" name="test1" time="0.009"/>
</testsuite> <!-- com.groups.demo.Groups -->
