<?xml version="1.0" encoding="UTF-8"?>
<!-- Generated by org.testng.reporters.JUnitReportReporter -->
<testsuite hostname="LAPTOP-BHKF9L3F" failures="0" tests="3" name="com.paralleltesting.TestCalss3" time="0.013" errors="0" timestamp="2024-03-06T14:58:23 IST" skipped="0">
  <testcase classname="com.paralleltesting.TestCalss3" name="test10" time="0.009"/>
  <testcase classname="com.paralleltesting.TestCalss3" name="test8" time="0.001"/>
  <testcase classname="com.paralleltesting.TestCalss3" name="test9" time="0.003"/>
</testsuite> <!-- com.paralleltesting.TestCalss3 -->
