<?xml version="1.0" encoding="UTF-8"?>
<!-- Generated by org.testng.reporters.JUnitReportReporter -->
<testsuite hostname="LAPTOP-BHKF9L3F" failures="0" tests="6" name="com.groupsdependencies.Sample3" time="0.023" errors="0" timestamp="2024-03-06T14:52:42 IST" skipped="0">
  <testcase classname="com.groupsdependencies.Sample3" name="test3" time="0.001"/>
  <testcase classname="com.groupsdependencies.Sample3" name="m3" time="0.001"/>
  <testcase classname="com.groupsdependencies.Sample3" name="test5" time="0.002"/>
  <testcase classname="com.groupsdependencies.Sample3" name="test1" time="0.001"/>
  <testcase classname="com.groupsdependencies.Sample3" name="m2" time="0.016"/>
  <testcase classname="com.groupsdependencies.Sample3" name="test0" time="0.002"/>
</testsuite> <!-- com.groupsdependencies.Sample3 -->
