<?xml version="1.0" encoding="UTF-8"?>
<!-- Generated by org.testng.reporters.JUnitReportReporter -->
<testsuite hostname="LAPTOP-BHKF9L3F" failures="0" tests="1" name="com.groups.demo.Groups1" time="0.002" errors="0" timestamp="2024-03-06T14:24:05 IST" skipped="0">
  <testcase classname="com.groups.demo.Groups1" name="test4" time="0.002"/>
</testsuite> <!-- com.groups.demo.Groups1 -->
